<?xml version="1.0" encoding="UTF-8"?>
<testsuite name="PhoneBookTest" tests="1" skipped="0" failures="0" errors="0" timestamp="2021-09-01T12:43:08" hostname="DESKTOP-33AIMNS" time="51.878">
  <properties/>
  <testcase name="start" classname="PhoneBookTest" time="51.878"/>
  <system-out><![CDATA[?[1;31m
Start test 1?[0m
Start searching (linear search)...
Found 500 / 500 entries. Time taken: 0 min. 4 sec. 4 ms.
Start searching (bubble sort + jump search)...
Found 500 / 500 entries. Time taken: 0 min. 44 sec. 44 ms.
Sorting time: 0 min. 40 sec. 40 ms. - STOPPED, moved to linear search
Searching time: 0 min. 4 sec. 4 ms.
Start searching (quick sort + binary search)...
Found 500 / 500 entries. Time taken: 0 min. 1 sec. 1 ms.
Sorting time: 0 min. 1 sec. 1 ms.
Searching time: 0 min. 0 sec. 0 ms.
Start searching (hash table)...
Found 500 / 500 entries. Time taken: 0 min. 0 sec. 0 ms.
Creating time: 0 min. 0 sec. 0 ms.
Searching time: 0 min. 0 sec. 0 ms.
]]></system-out>
  <system-err><![CDATA[]]></system-err>
</testsuite>
